TN:
SF:src/db/cache-config.ts
FNF:3
FNH:3
DA:3,24
DA:14,3
DA:16,18
DA:17,23
DA:18,27
DA:19,20
DA:22,18
DA:23,18
DA:24,21
DA:27,21
DA:28,22
DA:31,13
DA:32,2
DA:34,26
DA:35,8
DA:36,15
DA:37,3
DA:38,59
DA:39,57
DA:40,63
DA:42,25
DA:43,12
DA:44,32
DA:45,15
DA:46,35
DA:47,18
DA:48,38
DA:49,14
DA:50,43
DA:52,26
DA:56,24
DA:57,14
DA:58,3
DA:59,32
DA:60,38
DA:63,30
DA:64,11
DA:65,3
DA:66,36
DA:67,35
LF:69
LH:40
end_of_record
TN:
SF:src/db/database.ts
FNF:35
FNH:24
DA:2,30
DA:3,34
DA:4,40
DA:5,48
DA:7,70
DA:8,119
DA:15,67
DA:36,5
DA:38,75
DA:39,23
DA:40,5
DA:42,33
DA:43,14
DA:44,15
DA:46,34
DA:47,35
DA:48,41
DA:51,45
DA:52,22
DA:53,4
DA:56,40
DA:59,41
DA:62,43
DA:63,41
DA:64,43
DA:66,7
DA:67,2
DA:87,34
DA:88,13
DA:89,23
DA:90,21
DA:91,27
DA:92,23
DA:93,21
DA:94,23
DA:95,23
DA:96,29
DA:97,27
DA:98,21
DA:99,12
DA:100,38
DA:101,38
DA:102,40
DA:103,43
DA:104,2
DA:105,2
DA:107,31
DA:108,25
DA:109,34
DA:112,47
DA:113,17
DA:114,15
DA:115,51
DA:116,50
DA:119,30
DA:120,16
DA:121,50
DA:122,57
DA:124,8
DA:125,5
DA:127,34
DA:128,32
DA:130,31
DA:131,16
DA:132,17
DA:133,112
DA:136,8
DA:137,48
DA:139,33
DA:140,22
DA:142,0
DA:143,0
DA:144,0
DA:145,6
DA:147,31
DA:149,8
DA:150,4
DA:152,36
DA:153,16
DA:154,17
DA:155,45
DA:156,60
DA:157,22
DA:158,76
DA:160,365
DA:166,8
DA:168,10
DA:169,11
DA:170,16
DA:171,15
DA:172,18
DA:173,16
DA:174,15
DA:175,16
DA:176,16
DA:177,19
DA:178,18
DA:179,15
DA:180,26
DA:181,27
DA:182,28
DA:183,31
DA:184,11
DA:185,13
DA:186,11
DA:188,8
DA:189,4
DA:191,32
DA:192,16
DA:193,17
DA:194,50
DA:195,24
DA:197,26
DA:198,33
DA:199,32
DA:200,6
DA:202,27
DA:203,34
DA:204,33
DA:205,6
DA:207,38
DA:209,25
DA:210,26
DA:211,31
DA:212,6
DA:214,33
DA:215,39
DA:216,48
DA:218,8
DA:219,4
DA:221,42
DA:222,17
DA:223,48
DA:225,36
DA:226,69
DA:227,8
DA:228,32
DA:231,37
DA:232,76
DA:233,8
DA:234,36
DA:236,8
DA:237,5
DA:239,38
DA:240,16
DA:241,17
DA:242,82
DA:243,39
DA:245,8
DA:246,4
DA:248,35
DA:249,16
DA:250,17
DA:251,121
DA:254,8
DA:255,48
DA:257,33
DA:258,29
DA:260,8
DA:261,4
DA:263,33
DA:264,16
DA:265,17
DA:266,160
DA:269,8
DA:270,48
DA:271,38
DA:272,57
DA:273,11
DA:274,9
DA:276,8
DA:277,4
DA:279,58
DA:280,16
DA:281,17
DA:282,36
DA:283,48
DA:284,6
DA:286,172
DA:289,8
DA:290,42
DA:292,8
DA:293,4
DA:295,12
DA:296,7
DA:297,14
DA:298,15
DA:299,18
DA:300,22
DA:301,21
DA:302,18
DA:303,21
DA:304,18
DA:305,1
DA:306,1
DA:307,2
LF:308
LH:193
end_of_record
TN:
SF:src/db/schema.ts
FNF:1
FNH:1
DA:3,608
DA:27,541
DA:46,293
DA:56,32
DA:57,69
DA:58,71
DA:59,71
DA:60,77
DA:61,77
DA:62,77
DA:63,86
DA:64,1
LF:65
LH:12
end_of_record
TN:
SF:src/schemas/gerrit.ts
FNF:1
FNH:1
DA:1,40
DA:4,32
DA:8,17
DA:9,25
DA:10,35
DA:11,56
DA:12,4
DA:13,29
DA:14,21
DA:15,54
DA:16,4
DA:17,29
DA:18,21
DA:19,65
DA:20,2
DA:21,3
DA:25,25
DA:43,17
DA:44,20
DA:45,25
DA:46,24
DA:47,27
DA:48,25
DA:49,64
DA:50,25
DA:51,25
DA:52,28
DA:53,27
DA:54,24
DA:55,26
DA:56,31
DA:57,41
DA:58,42
DA:59,42
DA:60,3
DA:61,3
DA:65,27
DA:68,17
DA:69,28
DA:70,21
DA:71,54
DA:72,4
DA:73,44
DA:74,3
DA:77,26
DA:88,17
DA:89,42
DA:90,87
DA:91,26
DA:92,19
DA:93,23
DA:94,20
DA:95,21
DA:96,43
DA:97,29
DA:98,47
DA:99,2
DA:100,3
DA:101,2
DA:102,2
DA:103,3
DA:107,23
DA:114,17
DA:115,67
DA:116,49
DA:117,48
DA:118,45
DA:119,39
DA:120,41
DA:121,3
DA:124,30
DA:141,17
DA:142,36
DA:143,36
DA:144,22
DA:145,19
DA:146,52
DA:147,52
DA:148,53
DA:149,27
DA:150,13
DA:151,21
DA:152,40
DA:153,37
DA:154,34
DA:155,2
DA:156,1
DA:157,6
DA:158,51
DA:159,38
DA:160,2
DA:161,4
DA:162,100
DA:163,58
DA:164,3
DA:167,27
DA:197,17
DA:198,39
DA:199,25
DA:200,25
DA:201,29
DA:202,31
DA:203,41
DA:204,39
DA:205,5
DA:206,21
DA:207,83
DA:208,24
DA:209,19
DA:210,26
DA:211,22
DA:212,21
DA:213,28
DA:214,26
DA:215,2
DA:216,6
DA:217,29
DA:218,26
DA:219,27
DA:220,23
DA:221,7
DA:222,32
DA:223,26
DA:224,27
DA:225,23
DA:226,7
DA:227,27
DA:228,24
DA:229,2
DA:230,4
DA:231,79
DA:232,3
DA:236,40
DA:237,11
DA:238,8
DA:239,7
DA:240,3
DA:243,26
DA:251,17
DA:252,38
DA:253,43
DA:254,39
DA:255,45
DA:256,45
DA:257,39
DA:258,39
DA:259,3
DA:263,26
DA:266,17
DA:267,25
DA:268,39
DA:269,2
LF:271
LH:152
end_of_record
TN:
SF:src/test-utils/mock-generator.ts
FNF:4
FNH:4
DA:4,33
DA:5,14
DA:6,3
DA:7,18
DA:8,69
DA:9,25
DA:10,21
DA:11,59
DA:12,40
DA:13,18
DA:14,45
DA:15,45
DA:16,19
DA:17,17
DA:18,18
DA:19,14
DA:20,27
DA:21,29
DA:22,32
DA:23,26
DA:24,3
DA:25,4
DA:27,34
DA:30,40
DA:31,12
DA:32,22
DA:33,18
DA:34,25
DA:35,23
DA:36,22
DA:37,14
DA:38,6
DA:39,29
DA:40,18
DA:41,25
DA:42,23
DA:43,22
DA:44,13
DA:45,3
DA:46,3
DA:49,43
DA:50,12
DA:51,16
DA:52,9
DA:53,65
DA:54,8
DA:55,9
DA:56,26
DA:57,37
DA:58,8
DA:59,9
DA:60,15
DA:61,5
DA:62,6
DA:63,28
DA:64,57
DA:65,3
DA:68,43
DA:69,23
DA:70,20
DA:71,28
DA:72,21
DA:73,1
LF:74
LH:63
end_of_record
